0 info it worked if it ends with ok
1 verbose cli [ 'C:\\Program Files\\nodejs\\node.exe',
1 verbose cli   'C:\\Users\\Vlad\\AppData\\Roaming\\npm\\node_modules\\npm\\bin\\npm-cli.js',
1 verbose cli   'start' ]
2 info using npm@3.10.8
3 info using node@v7.3.0
4 verbose run-script [ 'prestart', 'start', 'poststart' ]
5 info lifecycle DigitalMagic@0.0.1~prestart: DigitalMagic@0.0.1
6 silly lifecycle DigitalMagic@0.0.1~prestart: no script for prestart, continuing
7 info lifecycle DigitalMagic@0.0.1~start: DigitalMagic@0.0.1
8 verbose lifecycle DigitalMagic@0.0.1~start: unsafe-perm in lifecycle true
9 verbose lifecycle DigitalMagic@0.0.1~start: PATH: C:\Users\Vlad\AppData\Roaming\npm\node_modules\npm\bin\node-gyp-bin;C:\Users\Vlad\Documents\Aren\DigitalMagic\node_modules\.bin;C:\ProgramData\Oracle\Java\javapath;C:\Windows\system32;C:\Windows;C:\Windows\System32\Wbem;C:\Windows\System32\WindowsPowerShell\v1.0\;C:\Program Files\Microsoft SQL Server\130\Tools\Binn\;C:\Program Files\TortoiseGit\bin;C:\Program Files\Microsoft SQL Server\110\Tools\Binn\;C:\Program Files (x86)\Microsoft SDKs\TypeScript\1.8\;C:\Program Files\Microsoft SQL Server\120\Tools\Binn\;C:\Users\Vlad\AppData\Roaming\npm;C:\adb;C:\Program Files\Java\jdk1.8.0_111\bin;C:\Program Files (x86)\Android\android-sdk\tools;C:\Program Files (x86)\Android\android-sdk\platform-tools;C:\apache-ant-1.9.3\bin;C:\Program Files\Git\cmd;C:\Program Files (x86)\Microsoft Emulator Manager\1.0\;C:\Program Files (x86)\Windows Kits\10\Windows Performance Toolkit\;C:\WINDOWS\system32;C:\WINDOWS;C:\WINDOWS\System32\Wbem;C:\WINDOWS\System32\WindowsPowerShell\v1.0\;C:\Program Files\nodejs\;C:\Program Files\dotnet\;C:\Program Files\Git\cmd;C:\Program Files (x86)\Microsoft SQL Server\Client SDK\ODBC\130\Tools\Binn\;C:\Program Files (x86)\Microsoft SQL Server\130\Tools\Binn\;C:\Program Files (x86)\Microsoft SQL Server\130\DTS\Binn\;C:\Program Files (x86)\Microsoft SQL Server\130\Tools\Binn\ManagementStudio\;C:\Program Files (x86)\Skype\Phone\;C:\Users\Vlad\AppData\Local\Microsoft\WindowsApps;C:\Users\Vlad\AppData\Roaming\npm
10 verbose lifecycle DigitalMagic@0.0.1~start: CWD: C:\Users\Vlad\Documents\Aren\DigitalMagic
11 silly lifecycle DigitalMagic@0.0.1~start: Args: [ '/d /s /c', 'server/index.js' ]
12 silly lifecycle DigitalMagic@0.0.1~start: Returned: code: 1  signal: null
13 info lifecycle DigitalMagic@0.0.1~start: Failed to exec start script
14 verbose stack Error: DigitalMagic@0.0.1 start: `server/index.js`
14 verbose stack Exit status 1
14 verbose stack     at EventEmitter.<anonymous> (C:\Users\Vlad\AppData\Roaming\npm\node_modules\npm\lib\utils\lifecycle.js:255:16)
14 verbose stack     at emitTwo (events.js:106:13)
14 verbose stack     at EventEmitter.emit (events.js:191:7)
14 verbose stack     at ChildProcess.<anonymous> (C:\Users\Vlad\AppData\Roaming\npm\node_modules\npm\lib\utils\spawn.js:40:14)
14 verbose stack     at emitTwo (events.js:106:13)
14 verbose stack     at ChildProcess.emit (events.js:191:7)
14 verbose stack     at maybeClose (internal/child_process.js:885:16)
14 verbose stack     at Process.ChildProcess._handle.onexit (internal/child_process.js:226:5)
15 verbose pkgid DigitalMagic@0.0.1
16 verbose cwd C:\Users\Vlad\Documents\Aren\DigitalMagic
17 error Windows_NT 10.0.14393
18 error argv "C:\\Program Files\\nodejs\\node.exe" "C:\\Users\\Vlad\\AppData\\Roaming\\npm\\node_modules\\npm\\bin\\npm-cli.js" "start"
19 error node v7.3.0
20 error npm  v3.10.8
21 error code ELIFECYCLE
22 error DigitalMagic@0.0.1 start: `server/index.js`
22 error Exit status 1
23 error Failed at the DigitalMagic@0.0.1 start script 'server/index.js'.
23 error Make sure you have the latest version of node.js and npm installed.
23 error If you do, this is most likely a problem with the DigitalMagic package,
23 error not with npm itself.
23 error Tell the author that this fails on your system:
23 error     server/index.js
23 error You can get information on how to open an issue for this project with:
23 error     npm bugs DigitalMagic
23 error Or if that isn't available, you can get their info via:
23 error     npm owner ls DigitalMagic
23 error There is likely additional logging output above.
24 verbose exit [ 1, true ]
